#
# There is insufficient memory for the Java Runtime Environment to continue.
# Native memory allocation (mmap) failed to map 134217728 bytes for Failed to commit area from 0x0000000081e00000 to 0x0000000089e00000 of length 134217728.
# Possible reasons:
#   The system is out of physical RAM or swap space
#   The process is running with CompressedOops enabled, and the Java Heap may be blocking the growth of the native heap
# Possible solutions:
#   Reduce memory load on the system
#   Increase physical memory or swap space
#   Check if swap backing store is full
#   Decrease Java heap size (-Xmx/-Xms)
#   Decrease number of Java threads
#   Decrease Java thread stack sizes (-Xss)
#   Set larger code cache with -XX:ReservedCodeCacheSize=
# This output file may be truncated or incomplete.
#
#  Out of Memory Error (t:/workspace/open/src/hotspot/os/windows/os_windows.cpp:3221), pid=7288, tid=18248
#
# JRE version:  (10.0.2+13) (build )
# Java VM: Java HotSpot(TM) 64-Bit Server VM (10.0.2+13, mixed mode, aot, tiered, compressed oops, g1 gc, windows-amd64)
# No core dump will be written. Minidumps are not enabled by default on client versions of Windows
#

---------------  S U M M A R Y ------------

Command Line: -Dfile.encoding=GBK AdminScore.AdminScoreAdd

Host: Intel(R) Pentium(R) CPU G4600 @ 3.60GHz, 4 cores, 7G,  Windows 10 , 64 bit Build 17134 (10.0.17134.753)
Time: Sat Dec 28 19:05:42 2019 ?D1®≤°¿®∫°¡?®∫°¿?? elapsed time: 0 seconds (0d 0h 0m 0s)

---------------  T H R E A D  ---------------

Current thread (0x000001ed989d2000):  JavaThread "Unknown thread" [_thread_in_vm, id=18248, stack(0x0000007af7100000,0x0000007af7200000)]

Stack: [0x0000007af7100000,0x0000007af7200000]
Native frames: (J=compiled Java code, j=interpreted, Vv=VM code, C=native code)
V  [jvm.dll+0x5a01a9]
V  [jvm.dll+0x6bcf31]
V  [jvm.dll+0x6be126]
V  [jvm.dll+0x6be7b3]
V  [jvm.dll+0x234978]
V  [jvm.dll+0x59dac4]
V  [jvm.dll+0x592825]
V  [jvm.dll+0x2f632b]
V  [jvm.dll+0x2f6295]
V  [jvm.dll+0x2f6172]
V  [jvm.dll+0x2f8366]
V  [jvm.dll+0x344293]
V  [jvm.dll+0x3449a6]
V  [jvm.dll+0x344393]
V  [jvm.dll+0x2c4628]
V  [jvm.dll+0x2c5771]
V  [jvm.dll+0x69d1db]
V  [jvm.dll+0x69e9fc]
V  [jvm.dll+0x3519e9]
V  [jvm.dll+0x6856a2]
V  [jvm.dll+0x3ba0c3]
V  [jvm.dll+0x3bc261]
C  [javaw.exe+0x3541]
C  [javaw.exe+0xe1cf]
C  [javaw.exe+0xe376]
C  [KERNEL32.DLL+0x14034]
C  [ntdll.dll+0x73691]


---------------  P R O C E S S  ---------------

Threads class SMR info:
_java_thread_list=0x000001ed988a8b10, length=0, elements={
}

Java Threads: ( => current thread )

Other Threads:
  0x000001ed989e9000 GCTaskThread "GC Thread#0" [stack: 0x0000007af7200000,0x0000007af7300000] [id=18380]
  0x000001ed989eb000 GCTaskThread "GC Thread#1" [stack: 0x0000007af7300000,0x0000007af7400000] [id=20148]
  0x000001ed989ed000 GCTaskThread "GC Thread#2" [stack: 0x0000007af7400000,0x0000007af7500000] [id=19624]
  0x000001ed989ef000 GCTaskThread "GC Thread#3" [stack: 0x0000007af7500000,0x0000007af7600000] [id=6252]
  0x000001ed98a85000 ConcurrentGCThread "G1 Main Marker" [stack: 0x0000007af7600000,0x0000007af7700000] [id=16836]
  0x000001ed98a88000 ConcurrentGCThread "G1 Conc#0" [stack: 0x0000007af7700000,0x0000007af7800000] [id=17092]

[error occurred during error reporting (printing all threads), id 0xe0000002]

VM state:not at safepoint (not fully initialized)

VM Mutex/Monitor currently owned by a thread:  ([mutex/lock_event])
[0x000001ed989d1af0] Heap_lock - owner thread: 0x000001ed989d2000

Heap address: 0x0000000081e00000, size: 2018 MB, Compressed Oops mode: Non-zero based: 0x0000000081e00000
Narrow klass base: 0x0000000000000000, Narrow klass shift: 0

GC Heap History (0 events):
No events

Deoptimization events (0 events):
No events

Classes redefined (0 events):
No events

Internal exceptions (0 events):
No events

Events (0 events):
No events


Dynamic libraries:
0x00007ff6b0f70000 - 0x00007ff6b0fae000 	C:\Program Files\Java\jdk-10.0.2\bin\javaw.exe
0x00007ffe1a5e0000 - 0x00007ffe1a7c1000 	C:\WINDOWS\SYSTEM32\ntdll.dll
0x00007ffe1a2b0000 - 0x00007ffe1a361000 	C:\WINDOWS\System32\KERNEL32.DLL
0x00007ffe16b00000 - 0x00007ffe16d73000 	C:\WINDOWS\System32\KERNELBASE.dll
0x00007ffe19de0000 - 0x00007ffe19e81000 	C:\WINDOWS\System32\ADVAPI32.dll
0x00007ffe19ec0000 - 0x00007ffe19f5e000 	C:\WINDOWS\System32\msvcrt.dll
0x00007ffe1a490000 - 0x00007ffe1a4eb000 	C:\WINDOWS\System32\sechost.dll
0x00007ffe19f60000 - 0x00007ffe1a084000 	C:\WINDOWS\System32\RPCRT4.dll
0x00007ffe1a0f0000 - 0x00007ffe1a281000 	C:\WINDOWS\System32\USER32.dll
0x00007ffe17110000 - 0x00007ffe17130000 	C:\WINDOWS\System32\win32u.dll
0x00007ffe19db0000 - 0x00007ffe19dd8000 	C:\WINDOWS\System32\GDI32.dll
0x00007ffe16d80000 - 0x00007ffe16f11000 	C:\WINDOWS\System32\gdi32full.dll
0x00007ffe16a60000 - 0x00007ffe16aff000 	C:\WINDOWS\System32\msvcp_win.dll
0x00007ffe17950000 - 0x00007ffe17a48000 	C:\WINDOWS\System32\ucrtbase.dll
0x00007ffe0a0f0000 - 0x00007ffe0a359000 	C:\WINDOWS\WinSxS\amd64_microsoft.windows.common-controls_6595b64144ccf1df_6.0.17134.1130_none_d3ff42617c90becf\COMCTL32.dll
0x00007ffe106f0000 - 0x00007ffe106fa000 	C:\WINDOWS\SYSTEM32\VERSION.dll
0x00007ffe19510000 - 0x00007ffe19831000 	C:\WINDOWS\System32\combase.dll
0x00007ffe169e0000 - 0x00007ffe16a59000 	C:\WINDOWS\System32\bcryptPrimitives.dll
0x00007ffe19e90000 - 0x00007ffe19ebd000 	C:\WINDOWS\System32\IMM32.DLL
0x00007ffdeefd0000 - 0x00007ffdef0bf000 	C:\Program Files\Java\jdk-10.0.2\bin\msvcr120.dll
0x00007ffdfb2e0000 - 0x00007ffdfb386000 	C:\Program Files\Java\jdk-10.0.2\bin\msvcp120.dll
0x0000000060410000 - 0x0000000060e80000 	C:\Program Files\Java\jdk-10.0.2\bin\server\jvm.dll
0x00007ffe1a5a0000 - 0x00007ffe1a5a8000 	C:\WINDOWS\System32\PSAPI.DLL
0x00007ffe02d60000 - 0x00007ffe02d69000 	C:\WINDOWS\SYSTEM32\WSOCK32.dll
0x00007ffe12550000 - 0x00007ffe12573000 	C:\WINDOWS\SYSTEM32\WINMM.dll
0x00007ffe199b0000 - 0x00007ffe19a1c000 	C:\WINDOWS\System32\WS2_32.dll
0x00007ffe12510000 - 0x00007ffe1253a000 	C:\WINDOWS\SYSTEM32\WINMMBASE.dll
0x00007ffe16990000 - 0x00007ffe169d9000 	C:\WINDOWS\System32\cfgmgr32.dll
0x00007ffe12900000 - 0x00007ffe1290f000 	C:\Program Files\Java\jdk-10.0.2\bin\verify.dll
0x00007ffe05b50000 - 0x00007ffe05d19000 	C:\WINDOWS\SYSTEM32\DBGHELP.DLL
0x00007ffe02f40000 - 0x00007ffe02f69000 	C:\WINDOWS\SYSTEM32\dbgcore.DLL
0x00007ffe10080000 - 0x00007ffe100a7000 	C:\Program Files\Java\jdk-10.0.2\bin\java.dll
0x00007ffe108b0000 - 0x00007ffe108c6000 	C:\Program Files\Java\jdk-10.0.2\bin\zip.dll
0x00007ffe12130000 - 0x00007ffe1213a000 	C:\Program Files\Java\jdk-10.0.2\bin\jimage.dll

dbghelp: loaded successfully - version: 4.0.5 - missing functions: none
symbol engine: initialized successfully - sym options: 0x614 - pdb path: .;C:\Program Files\Java\jdk-10.0.2\bin;C:\WINDOWS\SYSTEM32;C:\WINDOWS\WinSxS\amd64_microsoft.windows.common-controls_6595b64144ccf1df_6.0.17134.1130_none_d3ff42617c90becf;C:\Program Files\Java\jdk-10.0.2\bin\server

VM Arguments:
jvm_args: -Dfile.encoding=GBK 
java_command: AdminScore.AdminScoreAdd
java_class_path (initial): E:\JAVA\EduSystem\bin;C:\Users\…Í‘Û˜Î\Desktop\sqljdbc4.jar
Launcher Type: SUN_STANDARD

Logging:
Log output configuration:
#0: stdout all=warning uptime,level,tags
#1: stderr all=off uptime,level,tags

Environment Variables:
JAVA_HOME=C:\Program Files\Java\jdk-10.0.2
CLASSPATH=C:\Program Files\Java\jdk-10.0.2\lib;C:\Program Files\Java\jdk-10.0.2\lib\tools.jar;
PATH=C:/Program Files/Java/jdk-10.0.2/bin/server;C:/Program Files/Java/jdk-10.0.2/bin;C:\Program Files\Java\jdk-10.0.2\bin;"C:\Program Files\Java\jdk-10.0.2\jre\bin;";C:\Windows\System32;C:\Program Files (x86)\Microsoft SQL Server\100\Tools\Binn\;C:\Program Files\Microsoft SQL Server\100\Tools\Binn\;C:\Program Files\Microsoft SQL Server\100\DTS\Binn\;C:\Program Files (x86)\Microsoft SQL Server\100\Tools\Binn\VSShell\Common7\IDE\;C:\Program Files (x86)\Microsoft Visual Studio 9.0\Common7\IDE\PrivateAssemblies\;C:\Program Files (x86)\Microsoft SQL Server\100\DTS\Binn\;E:\MATLAB\runtime\win64;E:\MATLAB\bin;E:\MATLAB\polyspace\bin;E:\Git\cmd;E:\—ßœ∞\CodeBlocks\MinGW\bin;E:\—ßœ∞\Vim\vim73;C:\Program Files\MySQL\MySQL Shell 8.0\bin\;C:\Users\…Í‘Û˜Î\AppData\Local\Microsoft\WindowsApps;C:\texlive\2019\bin\win32;;E:\—ßœ∞\java±‡º≠∆˜\eclipse;
USERNAME=…Í‘Û˜Î
OS=Windows_NT
PROCESSOR_IDENTIFIER=Intel64 Family 6 Model 158 Stepping 9, GenuineIntel



---------------  S Y S T E M  ---------------

OS: Windows 10 , 64 bit Build 17134 (10.0.17134.753)

CPU:total 4 (initial active 4) (2 cores per cpu, 2 threads per core) family 6 model 158 stepping 9, cmov, cx8, fxsr, mmx, sse, sse2, sse3, ssse3, sse4.1, sse4.2, popcnt, aes, clmul, erms, 3dnowpref, lzcnt, ht, tsc, tscinvbit

Memory: 4k page, physical 8264928k(697076k free), swap 21263772k(16908k free)

vm_info: Java HotSpot(TM) 64-Bit Server VM (10.0.2+13) for windows-amd64 JRE (10.0.2+13), built on Jun 28 2018 01:57:56 by "mach5one" with MS VC++ 12.0 (VS2013)

END.
